[ 2017-06-25T10:54:17+08:00 ] ERR: (ThinkException) 无法加载模块Images
[ 2017-06-25T10:54:24+08:00 ] ERR: (ThinkException) 无法加载模块Login
[ 2017-06-25T10:56:16+08:00 ] ERR: (ThinkException) 非法操作images
[ 2017-06-25T10:56:28+08:00 ] ERR: (ThinkException) 无法加载模块Css
[ 2017-06-25T10:56:30+08:00 ] ERR: (ThinkException) 非法操作css
[ 2017-06-25T10:56:31+08:00 ] ERR: (ThinkException) 非法操作css
[ 2017-06-25T10:57:00+08:00 ] ERR: (ThinkException) 非法操作css
[ 2017-06-25T10:57:01+08:00 ] ERR: (ThinkException) 非法操作css
[ 2017-06-25T10:57:03+08:00 ] ERR: (ThinkException) 非法操作css
[ 2017-06-25T10:57:04+08:00 ] ERR: (ThinkException) 非法操作css
[ 2017-06-25T10:57:05+08:00 ] ERR: (ThinkException) 非法操作css
[ 2017-06-25T10:57:22+08:00 ] ERR: (ThinkException) 非法操作css
[ 2017-06-25T10:57:39+08:00 ] ERR: (ThinkException) 非法操作css
[ 2017-06-25T10:57:41+08:00 ] ERR: (ThinkException) 非法操作css
[ 2017-06-25T10:58:19+08:00 ] ERR: (ThinkException) 非法操作css
[ 2017-06-25T10:59:32+08:00 ] ERR: (ThinkException) 非法操作css
[ 2017-06-25T10:59:38+08:00 ] ERR: (ThinkException) 非法操作css
[ 2017-06-25T10:59:41+08:00 ] ERR: (ThinkException) 无法加载模块Css
[ 2017-06-25T10:59:42+08:00 ] ERR: (ThinkException) 非法操作css
[ 2017-06-25T10:59:46+08:00 ] ERR: (ThinkException) 非法操作css
[ 2017-06-25T10:59:48+08:00 ] ERR: (ThinkException) 无法加载模块Css
[ 2017-06-25T10:59:49+08:00 ] ERR: (ThinkException) 非法操作css
[ 2017-06-25T10:59:52+08:00 ] ERR: (ThinkException) 非法操作css
[ 2017-06-25T10:59:59+08:00 ] ERR: (ThinkException) 非法操作images
[ 2017-06-25T11:00:05+08:00 ] ERR: (ThinkException) 非法操作css
[ 2017-06-25T11:02:08+08:00 ] ERR: (ThinkException) 非法操作css
[ 2017-06-25T11:02:15+08:00 ] ERR: (ThinkException) 非法操作css
[ 2017-06-25T11:02:29+08:00 ] ERR: (ThinkException) 非法操作css
[ 2017-06-25T11:02:30+08:00 ] ERR: (ThinkException) 非法操作css
[ 2017-06-25T11:03:08+08:00 ] ERR: (ThinkException) 非法操作css
[ 2017-06-25T11:05:08+08:00 ] ERR: (ThinkException) 非法操作css
[ 2017-06-25T11:05:09+08:00 ] ERR: (ThinkException) 无法加载模块Css
[ 2017-06-25T11:05:11+08:00 ] ERR: (ThinkException) 非法操作css
[ 2017-06-25T11:05:13+08:00 ] ERR: (ThinkException) 非法操作css
[ 2017-06-25T11:05:18+08:00 ] ERR: (ThinkException) 非法操作css
[ 2017-06-25T11:05:27+08:00 ] ERR: (ThinkException) 无法加载模块Css
[ 2017-06-25T11:05:34+08:00 ] ERR: (ThinkException) 无法加载模块Css
[ 2017-06-25T14:41:16+08:00 ] ERR: (ThinkException) 非法操作images
[ 2017-06-25T14:41:20+08:00 ] ERR: (ThinkException) 非法操作css
[ 2017-06-25T14:41:24+08:00 ] ERR: (ThinkException) 非法操作css
[ 2017-06-25T14:41:29+08:00 ] ERR: (ThinkException) 非法操作css
[ 2017-06-25T14:41:31+08:00 ] ERR: (ThinkException) 非法操作css
[ 2017-06-25T14:41:32+08:00 ] ERR: (ThinkException) 非法操作css
[ 2017-06-25T14:41:48+08:00 ] ERR: (ThinkException) 非法操作css
[ 2017-06-25T14:41:51+08:00 ] ERR: (ThinkException) 非法操作css
[ 2017-06-25T14:41:53+08:00 ] ERR: (ThinkException) 非法操作images
[ 2017-06-25T14:42:01+08:00 ] ERR: (ThinkException) 非法操作css
[ 2017-06-25T14:42:08+08:00 ] ERR: (ThinkException) 非法操作css
[ 2017-06-25T14:42:13+08:00 ] ERR: (ThinkException) 非法操作css
[ 2017-06-25T14:42:16+08:00 ] ERR: (ThinkException) 非法操作css
[ 2017-06-25T14:42:34+08:00 ] ERR: (ThinkException) 非法操作images
[ 2017-06-25T14:43:17+08:00 ] ERR: (ThinkException) 非法操作css
[ 2017-06-25T14:43:35+08:00 ] ERR: (ThinkException) 非法操作css
[ 2017-06-25T15:00:47+08:00 ] ERR: (ThinkException) 非法操作images
[ 2017-06-25T15:12:31+08:00 ] ERR: (ThinkException) 非法操作images
