[ 2017-05-30T10:20:32+08:00 ] ERR: (ThinkException) 非法操作images
[ 2017-05-30T10:20:43+08:00 ] ERR: (ThinkException) 非法操作css
[ 2017-05-30T10:23:17+08:00 ] ERR: (ThinkException) 非法操作images
[ 2017-05-30T10:23:17+08:00 ] ERR: (ThinkException) 非法操作images
[ 2017-05-30T10:25:48+08:00 ] ERR: (ThinkException) 非法操作images
[ 2017-05-30T10:25:49+08:00 ] ERR: (ThinkException) 非法操作images
[ 2017-05-30T11:01:00+08:00 ] ERR: (ThinkException) 非法操作images
[ 2017-05-30T11:01:24+08:00 ] ERR: (ThinkException) 非法操作images
[ 2017-05-30T11:04:45+08:00 ] ERR: (ThinkException) 非法操作images
[ 2017-05-30T11:05:36+08:00 ] ERR: (ThinkException) 非法操作images
[ 2017-05-30T11:05:37+08:00 ] ERR: (ThinkException) 非法操作images
[ 2017-05-30T11:05:53+08:00 ] ERR: (ThinkException) 非法操作images
[ 2017-05-30T11:05:58+08:00 ] ERR: (ThinkException) 无法加载模块Css
[ 2017-05-30T11:06:14+08:00 ] ERR: (ThinkException) 非法操作images
[ 2017-05-30T11:06:14+08:00 ] ERR: (ThinkException) 非法操作images
[ 2017-05-30T11:06:21+08:00 ] ERR: (ThinkException) 非法操作images
[ 2017-05-30T11:06:22+08:00 ] ERR: (ThinkException) 非法操作images
[ 2017-05-30T11:06:39+08:00 ] ERR: (ThinkException) 非法操作images
[ 2017-05-30T11:07:35+08:00 ] ERR: (ThinkException) 非法操作images
[ 2017-05-30T11:08:03+08:00 ] ERR: (ThinkException) 无法加载模块Css
[ 2017-05-30T11:08:15+08:00 ] ERR: (ThinkException) 非法操作css
[ 2017-05-30T11:08:24+08:00 ] ERR: (ThinkException) 非法操作chaxundingdan.php
[ 2017-05-30T11:08:24+08:00 ] ERR: (ThinkException) 非法操作bianjidingdan.php
[ 2017-05-30T11:08:26+08:00 ] ERR: (ThinkException) 非法操作css
[ 2017-05-30T11:08:32+08:00 ] ERR: (ThinkException) 非法操作changeglyming.php
[ 2017-05-30T11:09:03+08:00 ] ERR: (ThinkException) 非法操作changeglyming.php
[ 2017-05-30T11:12:51+08:00 ] ERR: (ThinkException) 非法操作images
[ 2017-05-30T11:12:51+08:00 ] ERR: (ThinkException) 非法操作images
[ 2017-05-30T11:12:53+08:00 ] ERR: (ThinkException) 非法操作editnameform
[ 2017-05-30T11:13:11+08:00 ] ERR: (ThinkException) 非法操作editnameform
[ 2017-05-30T11:13:21+08:00 ] ERR: (ThinkException) 非法操作images
[ 2017-05-30T11:13:23+08:00 ] ERR: (ThinkException) 非法操作css
[ 2017-05-30T11:14:12+08:00 ] ERR: (ThinkException) 非法操作images
[ 2017-05-30T11:14:36+08:00 ] ERR: (ThinkException) 非法操作images
[ 2017-05-30T11:14:36+08:00 ] ERR: (ThinkException) 非法操作images
[ 2017-05-30T11:14:51+08:00 ] ERR: (ThinkException) 非法操作images
[ 2017-05-30T11:14:51+08:00 ] ERR: (ThinkException) 非法操作images
[ 2017-05-30T11:15:03+08:00 ] ERR: (ThinkException) 非法操作css
[ 2017-05-30T11:41:50+08:00 ] ERR: (ThinkException) 非法操作images
[ 2017-05-30T11:41:50+08:00 ] ERR: (ThinkException) 非法操作images
[ 2017-05-30T11:41:50+08:00 ] ERR: (ThinkException) 非法操作images
[ 2017-05-30T11:41:52+08:00 ] ERR: (ThinkException) 非法操作css
[ 2017-05-30T11:42:04+08:00 ] ERR: (ThinkException) 非法操作css
[ 2017-05-30T11:43:41+08:00 ] ERR: (ThinkException) 非法操作images
[ 2017-05-30T11:43:41+08:00 ] ERR: (ThinkException) 非法操作images
[ 2017-05-30T11:43:41+08:00 ] ERR: (ThinkException) 非法操作images
[ 2017-05-30T11:43:43+08:00 ] ERR: (ThinkException) 非法操作css
[ 2017-05-30T11:43:51+08:00 ] ERR: (ThinkException) 非法操作css
