[ 2017-06-01T10:06:37+08:00 ] ERR: (ThinkException) 非法操作images
[ 2017-06-01T10:06:51+08:00 ] ERR: (ThinkException) 非法操作images
[ 2017-06-01T10:06:58+08:00 ] ERR: (ThinkException) 非法操作css
[ 2017-06-01T10:07:11+08:00 ] ERR: (ThinkException) 非法操作css
[ 2017-06-01T10:07:15+08:00 ] ERR: (ThinkException) 非法操作css
[ 2017-06-01T10:07:29+08:00 ] ERR: (ThinkException) 非法操作changeglypassword.php
[ 2017-06-01T10:07:30+08:00 ] ERR: (ThinkException) 非法操作css
[ 2017-06-01T10:07:31+08:00 ] ERR: (ThinkException) 无法加载模块Css
[ 2017-06-01T10:07:48+08:00 ] ERR: (ThinkException) 非法操作css
[ 2017-06-01T10:07:49+08:00 ] ERR: (ThinkException) 非法操作css
[ 2017-06-01T10:07:52+08:00 ] ERR: (ThinkException) 非法操作css
[ 2017-06-01T10:07:56+08:00 ] ERR: (ThinkException) 非法操作css
[ 2017-06-01T10:14:59+08:00 ] ERR: (ThinkException) 非法操作images
[ 2017-06-01T10:14:59+08:00 ] ERR: (ThinkException) 非法操作images
[ 2017-06-01T10:15:00+08:00 ] ERR: (ThinkException) 非法操作images
[ 2017-06-01T10:15:02+08:00 ] ERR: (ThinkException) 非法操作css
[ 2017-06-01T10:15:20+08:00 ] ERR: (ThinkException) 非法操作css
[ 2017-06-01T10:19:04+08:00 ] ERR: (ThinkException) 非法操作images
[ 2017-06-01T10:19:04+08:00 ] ERR: (ThinkException) 非法操作images
[ 2017-06-01T10:19:05+08:00 ] ERR: (ThinkException) 非法操作images
[ 2017-06-01T10:19:06+08:00 ] ERR: (ThinkException) 非法操作css
[ 2017-06-01T10:19:13+08:00 ] ERR: (ThinkException) 非法操作css
[ 2017-06-01T10:19:30+08:00 ] ERR: (ThinkException) 无法加载模块Css
[ 2017-06-01T10:19:31+08:00 ] ERR: (ThinkException) 非法操作css
[ 2017-06-01T10:19:32+08:00 ] ERR: (ThinkException) 无法加载模块Css
[ 2017-06-01T10:19:33+08:00 ] ERR: (ThinkException) 非法操作css
[ 2017-06-01T10:19:34+08:00 ] ERR: (ThinkException) 无法加载模块Css
[ 2017-06-01T10:20:04+08:00 ] ERR: (ThinkException) 无法加载模块Css
[ 2017-06-01T10:20:05+08:00 ] ERR: (ThinkException) 非法操作css
[ 2017-06-01T10:20:09+08:00 ] ERR: (ThinkException) 非法操作css
[ 2017-06-01T10:20:10+08:00 ] ERR: (ThinkException) 非法操作css
[ 2017-06-01T10:20:23+08:00 ] ERR: (ThinkException) 非法操作css
[ 2017-06-01T10:22:56+08:00 ] ERR: (ThinkException) 非法操作images
[ 2017-06-01T10:22:56+08:00 ] ERR: (ThinkException) 非法操作images
[ 2017-06-01T10:22:56+08:00 ] ERR: (ThinkException) 非法操作images
[ 2017-06-01T10:22:58+08:00 ] ERR: (ThinkException) 非法操作css
[ 2017-06-01T10:23:48+08:00 ] ERR: (ThinkException) 非法操作images
[ 2017-06-01T10:23:48+08:00 ] ERR: (ThinkException) 非法操作images
[ 2017-06-01T10:23:49+08:00 ] ERR: (ThinkException) 非法操作css
[ 2017-06-01T10:26:23+08:00 ] ERR: (ThinkException) 非法操作images
[ 2017-06-01T10:26:23+08:00 ] ERR: (ThinkException) 非法操作images
[ 2017-06-01T10:26:25+08:00 ] ERR: (ThinkException) 非法操作css
[ 2017-06-01T10:26:29+08:00 ] ERR: (ThinkException) Model:filed您所请求的方法不存在！
[ 2017-06-01T10:26:48+08:00 ] ERR: (ThinkException) 非法操作images
[ 2017-06-01T10:26:48+08:00 ] ERR: (ThinkException) 非法操作images
[ 2017-06-01T10:26:49+08:00 ] ERR: (ThinkException) 非法操作css
[ 2017-06-01T10:27:24+08:00 ] ERR: (ThinkException) 非法操作images
[ 2017-06-01T10:27:24+08:00 ] ERR: (ThinkException) 非法操作images
[ 2017-06-01T10:27:26+08:00 ] ERR: (ThinkException) 非法操作css
[ 2017-06-01T10:27:32+08:00 ] ERR: (ThinkException) 非法操作css
[ 2017-06-01T10:30:42+08:00 ] ERR: (ThinkException) 非法操作images
[ 2017-06-01T10:30:42+08:00 ] ERR: (ThinkException) 非法操作images
[ 2017-06-01T10:30:44+08:00 ] ERR: (ThinkException) 非法操作css
[ 2017-06-01T10:31:15+08:00 ] ERR: (ThinkException) 非法操作images
[ 2017-06-01T10:31:15+08:00 ] ERR: (ThinkException) 非法操作images
[ 2017-06-01T10:31:16+08:00 ] ERR: (ThinkException) 非法操作css
[ 2017-06-01T10:31:45+08:00 ] ERR: (ThinkException) 非法操作images
[ 2017-06-01T10:31:45+08:00 ] ERR: (ThinkException) 非法操作images
[ 2017-06-01T10:31:45+08:00 ] ERR: (ThinkException) 非法操作images
[ 2017-06-01T10:31:47+08:00 ] ERR: (ThinkException) 非法操作css
[ 2017-06-01T10:33:11+08:00 ] ERR: (ThinkException) 非法操作images
[ 2017-06-01T10:33:12+08:00 ] ERR: (ThinkException) 非法操作images
[ 2017-06-01T10:33:12+08:00 ] ERR: (ThinkException) 非法操作images
[ 2017-06-01T10:33:13+08:00 ] ERR: (ThinkException) 非法操作css
[ 2017-06-01T10:34:20+08:00 ] ERR: (ThinkException) 非法操作images
[ 2017-06-01T10:34:20+08:00 ] ERR: (ThinkException) 非法操作images
[ 2017-06-01T10:34:20+08:00 ] ERR: (ThinkException) 非法操作images
[ 2017-06-01T10:34:21+08:00 ] ERR: (ThinkException) 非法操作css
[ 2017-06-01T10:35:28+08:00 ] ERR: (ThinkException) 非法操作images
[ 2017-06-01T10:35:28+08:00 ] ERR: (ThinkException) 非法操作images
[ 2017-06-01T10:35:28+08:00 ] ERR: (ThinkException) 非法操作images
[ 2017-06-01T10:35:28+08:00 ] ERR: (ThinkException) 非法操作images
[ 2017-06-01T10:35:30+08:00 ] ERR: (ThinkException) 非法操作css
[ 2017-06-01T10:35:54+08:00 ] ERR: (ThinkException) 非法操作images
[ 2017-06-01T10:35:54+08:00 ] ERR: (ThinkException) 非法操作images
[ 2017-06-01T10:35:54+08:00 ] ERR: (ThinkException) 非法操作images
[ 2017-06-01T10:35:54+08:00 ] ERR: (ThinkException) 非法操作images
[ 2017-06-01T10:35:56+08:00 ] ERR: (ThinkException) 非法操作css
[ 2017-06-01T10:36:18+08:00 ] ERR: (ThinkException) 非法操作images
[ 2017-06-01T10:36:18+08:00 ] ERR: (ThinkException) 非法操作images
[ 2017-06-01T10:36:19+08:00 ] ERR: (ThinkException) 非法操作images
[ 2017-06-01T10:36:20+08:00 ] ERR: (ThinkException) 非法操作css
[ 2017-06-01T10:37:07+08:00 ] ERR: (ThinkException) 非法操作images
[ 2017-06-01T10:37:07+08:00 ] ERR: (ThinkException) 非法操作images
[ 2017-06-01T10:37:07+08:00 ] ERR: (ThinkException) 非法操作images
[ 2017-06-01T10:37:09+08:00 ] ERR: (ThinkException) 非法操作css
[ 2017-06-01T10:37:22+08:00 ] ERR: (ThinkException) 非法操作css
[ 2017-06-01T10:37:45+08:00 ] ERR: (ThinkException) 非法操作changeglypassword.php
[ 2017-06-01T10:39:29+08:00 ] ERR: (ThinkException) 非法操作css
[ 2017-06-01T10:39:37+08:00 ] ERR: (ThinkException) 非法操作css
[ 2017-06-01T10:39:45+08:00 ] ERR: (ThinkException) 非法操作css
[ 2017-06-01T10:39:47+08:00 ] ERR: (ThinkException) 无法加载模块Css
[ 2017-06-01T10:39:50+08:00 ] ERR: (ThinkException) 非法操作css
[ 2017-06-01T10:40:02+08:00 ] ERR: (ThinkException) 非法操作changeglypassword.php
[ 2017-06-01T10:42:18+08:00 ] ERR: (ThinkException) 非法操作css
[ 2017-06-01T10:42:28+08:00 ] ERR: (ThinkException) 无法加载模块Css
[ 2017-06-01T10:42:28+08:00 ] ERR: (ThinkException) 非法操作css
[ 2017-06-01T10:42:32+08:00 ] ERR: (ThinkException) 非法操作chaxundingdan.php
[ 2017-06-01T10:42:32+08:00 ] ERR: (ThinkException) 非法操作bianjidingdan.php
[ 2017-06-01T10:42:34+08:00 ] ERR: (ThinkException) 非法操作css
[ 2017-06-01T10:42:37+08:00 ] ERR: (ThinkException) 非法操作css
[ 2017-06-01T10:42:39+08:00 ] ERR: (ThinkException) 非法操作css
[ 2017-06-01T10:42:40+08:00 ] ERR: (ThinkException) 非法操作css
[ 2017-06-01T10:42:41+08:00 ] ERR: (ThinkException) 非法操作css
[ 2017-06-01T10:43:52+08:00 ] ERR: (ThinkException) 非法操作changeglypassword.php
[ 2017-06-01T10:43:56+08:00 ] ERR: (ThinkException) 非法操作changeglypassword.php
[ 2017-06-01T10:44:04+08:00 ] ERR: (ThinkException) 非法操作changeglypassword.php
[ 2017-06-01T10:47:12+08:00 ] ERR: (ThinkException) 非法操作images
[ 2017-06-01T10:47:12+08:00 ] ERR: (ThinkException) 非法操作images
[ 2017-06-01T10:47:12+08:00 ] ERR: (ThinkException) 非法操作images
[ 2017-06-01T10:47:12+08:00 ] ERR: (ThinkException) 非法操作images
[ 2017-06-01T10:47:14+08:00 ] ERR: (ThinkException) 非法操作css
[ 2017-06-01T10:48:50+08:00 ] ERR: (ThinkException) 非法操作images
[ 2017-06-01T10:48:50+08:00 ] ERR: (ThinkException) 非法操作images
[ 2017-06-01T10:48:50+08:00 ] ERR: (ThinkException) 非法操作images
[ 2017-06-01T10:48:51+08:00 ] ERR: (ThinkException) 非法操作css
[ 2017-06-01T10:50:12+08:00 ] ERR: (ThinkException) 非法操作images
[ 2017-06-01T10:50:12+08:00 ] ERR: (ThinkException) 非法操作images
[ 2017-06-01T10:50:12+08:00 ] ERR: (ThinkException) 非法操作images
[ 2017-06-01T10:50:13+08:00 ] ERR: (ThinkException) 非法操作css
[ 2017-06-01T10:51:12+08:00 ] ERR: (ThinkException) 非法操作images
[ 2017-06-01T10:51:12+08:00 ] ERR: (ThinkException) 非法操作images
[ 2017-06-01T10:51:13+08:00 ] ERR: (ThinkException) 非法操作images
[ 2017-06-01T10:51:13+08:00 ] ERR: (ThinkException) 非法操作images
[ 2017-06-01T10:51:14+08:00 ] ERR: (ThinkException) 非法操作css
[ 2017-06-01T10:52:06+08:00 ] ERR: (ThinkException) 非法操作images
[ 2017-06-01T10:52:06+08:00 ] ERR: (ThinkException) 非法操作images
[ 2017-06-01T10:52:08+08:00 ] ERR: (ThinkException) 非法操作css
[ 2017-06-01T10:52:21+08:00 ] ERR: (ThinkException) 非法操作images
[ 2017-06-01T10:52:21+08:00 ] ERR: (ThinkException) 非法操作images
[ 2017-06-01T10:52:23+08:00 ] ERR: (ThinkException) 非法操作css
[ 2017-06-01T10:53:13+08:00 ] ERR: (ThinkException) 非法操作images
[ 2017-06-01T10:53:13+08:00 ] ERR: (ThinkException) 非法操作images
[ 2017-06-01T10:53:13+08:00 ] ERR: (ThinkException) 非法操作images
[ 2017-06-01T10:53:15+08:00 ] ERR: (ThinkException) 非法操作css
[ 2017-06-01T10:55:06+08:00 ] ERR: (ThinkException) 非法操作images
[ 2017-06-01T10:55:06+08:00 ] ERR: (ThinkException) 非法操作images
[ 2017-06-01T10:55:06+08:00 ] ERR: (ThinkException) 非法操作images
[ 2017-06-01T10:55:08+08:00 ] ERR: (ThinkException) 非法操作css
[ 2017-06-01T10:55:40+08:00 ] ERR: (ThinkException) 非法操作css
[ 2017-06-01T10:56:54+08:00 ] ERR: (ThinkException) 非法操作images
[ 2017-06-01T10:56:57+08:00 ] ERR: (ThinkException) 非法操作css
[ 2017-06-01T11:00:09+08:00 ] ERR: (ThinkException) 非法操作css
[ 2017-06-01T11:02:45+08:00 ] ERR: (ThinkException) 非法操作images
[ 2017-06-01T11:02:45+08:00 ] ERR: (ThinkException) 非法操作images
[ 2017-06-01T11:02:45+08:00 ] ERR: (ThinkException) 非法操作images
[ 2017-06-01T11:02:47+08:00 ] ERR: (ThinkException) 非法操作css
[ 2017-06-01T11:02:52+08:00 ] ERR: (ThinkException) 非法操作css
[ 2017-06-01T11:03:08+08:00 ] ERR: (ThinkException) 非法操作css
[ 2017-06-01T11:03:09+08:00 ] ERR: (ThinkException) 非法操作css
[ 2017-06-01T11:03:12+08:00 ] ERR: (ThinkException) 非法操作css
[ 2017-06-01T11:03:13+08:00 ] ERR: (ThinkException) 非法操作css
[ 2017-06-01T11:03:16+08:00 ] ERR: (ThinkException) 非法操作css
[ 2017-06-01T11:27:01+08:00 ] ERR: (ThinkException) 非法操作images
[ 2017-06-01T11:27:01+08:00 ] ERR: (ThinkException) 非法操作images
[ 2017-06-01T11:27:02+08:00 ] ERR: (ThinkException) 非法操作images
[ 2017-06-01T11:27:02+08:00 ] ERR: (ThinkException) 非法操作images
[ 2017-06-01T11:27:02+08:00 ] ERR: (ThinkException) 非法操作images
[ 2017-06-01T11:27:05+08:00 ] ERR: (ThinkException) Action:assige您所请求的方法不存在！
[ 2017-06-01T11:27:20+08:00 ] ERR: (ThinkException) 非法操作images
[ 2017-06-01T11:27:20+08:00 ] ERR: (ThinkException) 非法操作images
[ 2017-06-01T11:27:20+08:00 ] ERR: (ThinkException) 非法操作images
[ 2017-06-01T11:27:20+08:00 ] ERR: (ThinkException) 非法操作images
[ 2017-06-01T11:27:24+08:00 ] ERR: (ThinkException) 非法操作css
[ 2017-06-01T11:27:48+08:00 ] ERR: (ThinkException) 非法操作css
[ 2017-06-01T11:27:52+08:00 ] ERR: (ThinkException) 非法操作css
[ 2017-06-01T11:30:20+08:00 ] ERR: (ThinkException) 非法操作images
[ 2017-06-01T11:30:20+08:00 ] ERR: (ThinkException) 非法操作images
[ 2017-06-01T11:30:20+08:00 ] ERR: (ThinkException) 非法操作images
[ 2017-06-01T11:30:25+08:00 ] ERR: (ThinkException) 非法操作css
[ 2017-06-01T11:30:31+08:00 ] ERR: (ThinkException) 非法操作css
[ 2017-06-01T11:30:32+08:00 ] ERR: (ThinkException) 非法操作css
[ 2017-06-01T11:30:33+08:00 ] ERR: (ThinkException) 非法操作css
[ 2017-06-01T11:30:35+08:00 ] ERR: (ThinkException) 非法操作css
[ 2017-06-01T11:30:37+08:00 ] ERR: (ThinkException) 非法操作css
[ 2017-06-01T11:30:38+08:00 ] ERR: (ThinkException) 非法操作chaxundingdan.php
[ 2017-06-01T11:30:38+08:00 ] ERR: (ThinkException) 非法操作bianjidingdan.php
[ 2017-06-01T11:30:40+08:00 ] ERR: (ThinkException) 非法操作css
[ 2017-06-01T11:30:41+08:00 ] ERR: (ThinkException) 无法加载模块Css
[ 2017-06-01T11:30:42+08:00 ] ERR: (ThinkException) 非法操作css
[ 2017-06-01T11:30:43+08:00 ] ERR: (ThinkException) 非法操作css
[ 2017-06-01T11:30:45+08:00 ] ERR: (ThinkException) 非法操作css
[ 2017-06-01T11:30:45+08:00 ] ERR: (ThinkException) 非法操作css
[ 2017-06-01T11:30:48+08:00 ] ERR: (ThinkException) 无法加载模块Css
[ 2017-06-01T11:30:51+08:00 ] ERR: (ThinkException) 非法操作css
[ 2017-06-01T11:30:52+08:00 ] ERR: (ThinkException) 非法操作css
[ 2017-06-01T11:33:22+08:00 ] ERR: (ThinkException) 非法操作images
[ 2017-06-01T11:33:22+08:00 ] ERR: (ThinkException) 非法操作images
[ 2017-06-01T11:33:22+08:00 ] ERR: (ThinkException) 非法操作images
[ 2017-06-01T11:33:24+08:00 ] ERR: (ThinkException) 非法操作css
[ 2017-06-01T11:33:57+08:00 ] ERR: (ThinkException) 非法操作css
[ 2017-06-01T11:33:59+08:00 ] ERR: (ThinkException) 非法操作css
[ 2017-06-01T11:34:25+08:00 ] ERR: (ThinkException) 非法操作images
[ 2017-06-01T11:34:25+08:00 ] ERR: (ThinkException) 非法操作images
[ 2017-06-01T11:34:27+08:00 ] ERR: (ThinkException) 非法操作css
[ 2017-06-01T11:34:28+08:00 ] ERR: (ThinkException) 非法操作css
[ 2017-06-01T11:34:40+08:00 ] ERR: (ThinkException) 非法操作images
[ 2017-06-01T11:34:40+08:00 ] ERR: (ThinkException) 非法操作images
[ 2017-06-01T11:34:42+08:00 ] ERR: (ThinkException) 非法操作css
[ 2017-06-01T11:34:53+08:00 ] ERR: (ThinkException) 非法操作images
[ 2017-06-01T11:34:54+08:00 ] ERR: (ThinkException) 非法操作images
[ 2017-06-01T11:34:54+08:00 ] ERR: (ThinkException) 非法操作images
[ 2017-06-01T11:34:55+08:00 ] ERR: (ThinkException) 非法操作css
[ 2017-06-01T11:35:24+08:00 ] ERR: (ThinkException) 非法操作images
[ 2017-06-01T11:35:24+08:00 ] ERR: (ThinkException) 非法操作images
[ 2017-06-01T11:35:26+08:00 ] ERR: (ThinkException) 非法操作css
[ 2017-06-01T11:35:37+08:00 ] ERR: (ThinkException) 非法操作images
[ 2017-06-01T11:35:37+08:00 ] ERR: (ThinkException) 非法操作images
[ 2017-06-01T11:35:39+08:00 ] ERR: (ThinkException) 非法操作css
[ 2017-06-01T11:35:43+08:00 ] ERR: (ThinkException) 非法操作css
[ 2017-06-01T11:35:45+08:00 ] ERR: (ThinkException) 非法操作css
[ 2017-06-01T11:36:08+08:00 ] ERR: (ThinkException) 非法操作images
[ 2017-06-01T11:36:08+08:00 ] ERR: (ThinkException) 非法操作images
[ 2017-06-01T11:36:10+08:00 ] ERR: (ThinkException) 非法操作css
[ 2017-06-01T11:36:27+08:00 ] ERR: (ThinkException) 非法操作images
[ 2017-06-01T11:36:28+08:00 ] ERR: (ThinkException) 非法操作images
[ 2017-06-01T11:36:29+08:00 ] ERR: (ThinkException) 非法操作css
[ 2017-06-01T11:36:43+08:00 ] ERR: (ThinkException) 非法操作images
[ 2017-06-01T11:36:44+08:00 ] ERR: (ThinkException) 非法操作images
[ 2017-06-01T11:36:45+08:00 ] ERR: (ThinkException) 非法操作css
[ 2017-06-01T11:37:11+08:00 ] ERR: (ThinkException) 非法操作images
[ 2017-06-01T11:37:11+08:00 ] ERR: (ThinkException) 非法操作images
[ 2017-06-01T11:37:11+08:00 ] ERR: (ThinkException) 非法操作images
[ 2017-06-01T11:37:13+08:00 ] ERR: (ThinkException) 非法操作css
[ 2017-06-01T11:37:39+08:00 ] ERR: (ThinkException) 非法操作images
[ 2017-06-01T11:37:39+08:00 ] ERR: (ThinkException) 非法操作images
[ 2017-06-01T11:37:41+08:00 ] ERR: (ThinkException) 非法操作css
[ 2017-06-01T11:38:01+08:00 ] ERR: (ThinkException) 非法操作images
[ 2017-06-01T11:38:01+08:00 ] ERR: (ThinkException) 非法操作images
[ 2017-06-01T11:38:03+08:00 ] ERR: (ThinkException) 非法操作css
[ 2017-06-01T11:38:17+08:00 ] ERR: (ThinkException) 非法操作images
[ 2017-06-01T11:38:17+08:00 ] ERR: (ThinkException) 非法操作images
[ 2017-06-01T11:38:19+08:00 ] ERR: (ThinkException) 非法操作css
[ 2017-06-01T11:38:32+08:00 ] ERR: (ThinkException) 非法操作images
[ 2017-06-01T11:38:33+08:00 ] ERR: (ThinkException) 非法操作images
[ 2017-06-01T11:38:38+08:00 ] ERR: (ThinkException) 非法操作css
[ 2017-06-01T11:38:41+08:00 ] ERR: (ThinkException) 非法操作css
[ 2017-06-01T11:39:17+08:00 ] ERR: (ThinkException) 非法操作images
[ 2017-06-01T11:39:17+08:00 ] ERR: (ThinkException) 非法操作images
[ 2017-06-01T11:39:19+08:00 ] ERR: (ThinkException) 非法操作css
[ 2017-06-01T11:39:31+08:00 ] ERR: (ThinkException) 非法操作images
[ 2017-06-01T11:39:31+08:00 ] ERR: (ThinkException) 非法操作images
[ 2017-06-01T11:39:33+08:00 ] ERR: (ThinkException) 非法操作css
[ 2017-06-01T11:39:41+08:00 ] ERR: (ThinkException) 非法操作images
[ 2017-06-01T11:39:41+08:00 ] ERR: (ThinkException) 非法操作images
[ 2017-06-01T11:39:43+08:00 ] ERR: (ThinkException) 非法操作css
[ 2017-06-01T11:39:51+08:00 ] ERR: (ThinkException) 非法操作images
[ 2017-06-01T11:39:51+08:00 ] ERR: (ThinkException) 非法操作images
[ 2017-06-01T11:39:53+08:00 ] ERR: (ThinkException) 非法操作css
[ 2017-06-01T11:39:54+08:00 ] ERR: (ThinkException) 非法操作css
[ 2017-06-01T11:49:13+08:00 ] ERR: (ThinkException) 非法操作images
[ 2017-06-01T11:49:13+08:00 ] ERR: (ThinkException) 非法操作images
[ 2017-06-01T11:49:14+08:00 ] ERR: (ThinkException) 非法操作css
[ 2017-06-01T11:49:30+08:00 ] ERR: (ThinkException) 非法操作images
[ 2017-06-01T11:49:31+08:00 ] ERR: (ThinkException) 非法操作images
[ 2017-06-01T11:49:32+08:00 ] ERR: (ThinkException) 非法操作css
[ 2017-06-01T11:51:55+08:00 ] ERR: (ThinkException) 非法操作images
[ 2017-06-01T11:51:55+08:00 ] ERR: (ThinkException) 非法操作images
[ 2017-06-01T11:51:55+08:00 ] ERR: (ThinkException) 非法操作images
[ 2017-06-01T11:51:57+08:00 ] ERR: (ThinkException) 非法操作css
[ 2017-06-01T11:52:13+08:00 ] ERR: (ThinkException) 非法操作images
[ 2017-06-01T11:52:13+08:00 ] ERR: (ThinkException) 非法操作images
[ 2017-06-01T11:52:16+08:00 ] ERR: (ThinkException) 非法操作css
[ 2017-06-01T11:52:24+08:00 ] ERR: (ThinkException) 非法操作images
[ 2017-06-01T11:52:24+08:00 ] ERR: (ThinkException) 非法操作images
[ 2017-06-01T11:52:27+08:00 ] ERR: (ThinkException) 非法操作css
[ 2017-06-01T11:52:37+08:00 ] ERR: (ThinkException) 非法操作css
[ 2017-06-01T11:54:48+08:00 ] ERR: (ThinkException) 非法操作images
[ 2017-06-01T11:54:49+08:00 ] ERR: (ThinkException) 非法操作images
[ 2017-06-01T11:54:49+08:00 ] ERR: (ThinkException) 非法操作images
[ 2017-06-01T11:54:51+08:00 ] ERR: (ThinkException) 非法操作css
[ 2017-06-01T11:55:58+08:00 ] ERR: (ThinkException) 非法操作images
[ 2017-06-01T11:55:59+08:00 ] ERR: (ThinkException) 非法操作images
[ 2017-06-01T11:56:01+08:00 ] ERR: (ThinkException) 非法操作css
[ 2017-06-01T11:57:31+08:00 ] ERR: (ThinkException) 非法操作images
[ 2017-06-01T11:57:31+08:00 ] ERR: (ThinkException) 非法操作images
[ 2017-06-01T11:57:32+08:00 ] ERR: (ThinkException) 非法操作css
[ 2017-06-01T11:57:58+08:00 ] ERR: (ThinkException) 非法操作images
[ 2017-06-01T11:58:01+08:00 ] ERR: (ThinkException) 非法操作css
[ 2017-06-01T11:58:22+08:00 ] ERR: (ThinkException) 非法操作images
[ 2017-06-01T11:58:22+08:00 ] ERR: (ThinkException) 非法操作images
[ 2017-06-01T11:58:24+08:00 ] ERR: (ThinkException) 非法操作css
[ 2017-06-01T11:59:00+08:00 ] ERR: (ThinkException) 非法操作images
[ 2017-06-01T11:59:00+08:00 ] ERR: (ThinkException) 非法操作images
[ 2017-06-01T11:59:02+08:00 ] ERR: (ThinkException) 非法操作css
[ 2017-06-01T11:59:23+08:00 ] ERR: (ThinkException) 非法操作images
[ 2017-06-01T11:59:24+08:00 ] ERR: (ThinkException) 非法操作css
[ 2017-06-01T11:59:36+08:00 ] ERR: (ThinkException) 非法操作images
[ 2017-06-01T11:59:36+08:00 ] ERR: (ThinkException) 非法操作images
[ 2017-06-01T11:59:38+08:00 ] ERR: (ThinkException) 非法操作css
[ 2017-06-01T11:59:46+08:00 ] ERR: (ThinkException) 非法操作images
[ 2017-06-01T11:59:46+08:00 ] ERR: (ThinkException) 非法操作images
[ 2017-06-01T11:59:48+08:00 ] ERR: (ThinkException) 非法操作css
[ 2017-06-01T12:01:12+08:00 ] ERR: (ThinkException) 非法操作images
[ 2017-06-01T12:01:12+08:00 ] ERR: (ThinkException) 非法操作images
[ 2017-06-01T12:01:12+08:00 ] ERR: (ThinkException) 非法操作images
[ 2017-06-01T12:01:14+08:00 ] ERR: (ThinkException) 非法操作css
[ 2017-06-01T12:01:49+08:00 ] ERR: (ThinkException) 非法操作images
[ 2017-06-01T12:01:49+08:00 ] ERR: (ThinkException) 非法操作images
[ 2017-06-01T12:01:50+08:00 ] ERR: (ThinkException) 非法操作css
[ 2017-06-01T12:02:46+08:00 ] ERR: (ThinkException) 非法操作images
[ 2017-06-01T12:02:46+08:00 ] ERR: (ThinkException) 非法操作images
[ 2017-06-01T12:02:46+08:00 ] ERR: (ThinkException) 非法操作images
[ 2017-06-01T12:02:48+08:00 ] ERR: (ThinkException) 非法操作css
[ 2017-06-01T12:03:40+08:00 ] ERR: (ThinkException) 非法操作images
[ 2017-06-01T12:03:40+08:00 ] ERR: (ThinkException) 非法操作images
[ 2017-06-01T12:03:40+08:00 ] ERR: (ThinkException) 非法操作images
[ 2017-06-01T12:03:42+08:00 ] ERR: (ThinkException) 非法操作css
[ 2017-06-01T12:04:41+08:00 ] ERR: (ThinkException) 非法操作images
[ 2017-06-01T12:04:41+08:00 ] ERR: (ThinkException) 非法操作images
[ 2017-06-01T12:04:43+08:00 ] ERR: (ThinkException) 非法操作css
[ 2017-06-01T12:05:36+08:00 ] ERR: (ThinkException) 非法操作images
[ 2017-06-01T12:05:36+08:00 ] ERR: (ThinkException) 非法操作images
[ 2017-06-01T12:05:38+08:00 ] ERR: (ThinkException) 非法操作css
[ 2017-06-01T12:06:02+08:00 ] ERR: (ThinkException) 非法操作images
[ 2017-06-01T12:06:02+08:00 ] ERR: (ThinkException) 非法操作images
[ 2017-06-01T12:06:04+08:00 ] ERR: (ThinkException) 非法操作css
[ 2017-06-01T12:06:37+08:00 ] ERR: (ThinkException) 非法操作images
[ 2017-06-01T12:06:37+08:00 ] ERR: (ThinkException) 非法操作images
[ 2017-06-01T12:06:39+08:00 ] ERR: (ThinkException) 非法操作css
[ 2017-06-01T12:06:56+08:00 ] ERR: (ThinkException) 非法操作images
[ 2017-06-01T12:06:56+08:00 ] ERR: (ThinkException) 非法操作images
[ 2017-06-01T12:06:57+08:00 ] ERR: (ThinkException) 非法操作css
[ 2017-06-01T12:07:09+08:00 ] ERR: (ThinkException) 非法操作images
[ 2017-06-01T12:07:09+08:00 ] ERR: (ThinkException) 非法操作images
[ 2017-06-01T12:07:11+08:00 ] ERR: (ThinkException) 非法操作css
[ 2017-06-01T12:07:23+08:00 ] ERR: (ThinkException) 非法操作images
[ 2017-06-01T12:07:23+08:00 ] ERR: (ThinkException) 非法操作images
[ 2017-06-01T12:07:27+08:00 ] ERR: (ThinkException) 非法操作css
[ 2017-06-01T12:07:47+08:00 ] ERR: (ThinkException) 非法操作images
[ 2017-06-01T12:07:48+08:00 ] ERR: (ThinkException) 非法操作images
[ 2017-06-01T12:07:49+08:00 ] ERR: (ThinkException) 非法操作css
[ 2017-06-01T12:43:23+08:00 ] ERR: (ThinkException) 非法操作images
[ 2017-06-01T12:43:23+08:00 ] ERR: (ThinkException) 非法操作images
[ 2017-06-01T12:43:23+08:00 ] ERR: (ThinkException) 非法操作images
[ 2017-06-01T12:43:26+08:00 ] ERR: (ThinkException) 非法操作css
[ 2017-06-01T12:44:32+08:00 ] ERR: (ThinkException) 非法操作images
[ 2017-06-01T12:44:32+08:00 ] ERR: (ThinkException) 非法操作images
[ 2017-06-01T12:44:32+08:00 ] ERR: (ThinkException) 非法操作images
[ 2017-06-01T12:44:32+08:00 ] ERR: (ThinkException) 非法操作images
[ 2017-06-01T12:44:35+08:00 ] ERR: (ThinkException) 非法操作css
[ 2017-06-01T12:44:54+08:00 ] ERR: (ThinkException) 非法操作images
[ 2017-06-01T12:44:55+08:00 ] ERR: (ThinkException) 非法操作images
[ 2017-06-01T12:44:55+08:00 ] ERR: (ThinkException) 非法操作images
