[ 2017-06-03T14:51:26+08:00 ] ERR: (ThinkException) 非法操作images
[ 2017-06-03T14:52:27+08:00 ] ERR: (ThinkException) 非法操作css
[ 2017-06-03T14:57:19+08:00 ] ERR: (ThinkException) 模板不存在[./Admin/Tpl/default/Public/success.html]
[ 2017-06-03T15:01:43+08:00 ] ERR: (ThinkException) 非法操作images
[ 2017-06-03T15:01:43+08:00 ] ERR: (ThinkException) 非法操作images
[ 2017-06-03T15:01:43+08:00 ] ERR: (ThinkException) 非法操作images
[ 2017-06-03T15:01:43+08:00 ] ERR: (ThinkException) 非法操作images
[ 2017-06-03T15:01:43+08:00 ] ERR: (ThinkException) 非法操作images
[ 2017-06-03T15:11:32+08:00 ] ERR: (ThinkException) 非法操作css
[ 2017-06-03T15:11:37+08:00 ] ERR: (ThinkException) 非法操作css
[ 2017-06-03T15:11:41+08:00 ] ERR: (ThinkException) 非法操作css
[ 2017-06-03T15:11:43+08:00 ] ERR: (ThinkException) 非法操作css
[ 2017-06-03T15:13:54+08:00 ] ERR: (ThinkException) 非法操作images
[ 2017-06-03T15:13:55+08:00 ] ERR: (ThinkException) 非法操作images
[ 2017-06-03T15:13:57+08:00 ] ERR: (ThinkException) 非法操作css
[ 2017-06-03T15:14:24+08:00 ] ERR: (ThinkException) 非法操作images
[ 2017-06-03T15:14:24+08:00 ] ERR: (ThinkException) 非法操作images
[ 2017-06-03T15:14:24+08:00 ] ERR: (ThinkException) 非法操作images
[ 2017-06-03T15:14:26+08:00 ] ERR: (ThinkException) 非法操作css
[ 2017-06-03T15:57:57+08:00 ] ERR: (ThinkException) 非法操作images
[ 2017-06-03T15:57:57+08:00 ] ERR: (ThinkException) 非法操作images
[ 2017-06-03T15:57:57+08:00 ] ERR: (ThinkException) 非法操作images
[ 2017-06-03T15:58:02+08:00 ] ERR: (ThinkException) 无法加载模块Css
[ 2017-06-03T15:58:33+08:00 ] ERR: (ThinkException) 非法操作selectaction
[ 2017-06-03T15:59:47+08:00 ] ERR: (ThinkException) 非法操作images
[ 2017-06-03T15:59:48+08:00 ] ERR: (ThinkException) 非法操作images
[ 2017-06-03T15:59:48+08:00 ] ERR: (ThinkException) 非法操作images
[ 2017-06-03T15:59:50+08:00 ] ERR: (ThinkException) 无法加载模块Css
[ 2017-06-03T16:00:45+08:00 ] ERR: (ThinkException) 非法操作images
[ 2017-06-03T16:00:45+08:00 ] ERR: (ThinkException) 非法操作images
[ 2017-06-03T16:00:45+08:00 ] ERR: (ThinkException) 非法操作images
[ 2017-06-03T16:00:47+08:00 ] ERR: (ThinkException) 无法加载模块Css
[ 2017-06-03T16:02:42+08:00 ] ERR: (ThinkException) 非法操作css
[ 2017-06-03T16:02:49+08:00 ] ERR: (ThinkException) 非法操作css
[ 2017-06-03T16:04:51+08:00 ] ERR: (ThinkException) 无法加载模块Css
[ 2017-06-03T16:04:52+08:00 ] ERR: (ThinkException) 非法操作css
[ 2017-06-03T16:04:57+08:00 ] ERR: (ThinkException) 非法操作css
[ 2017-06-03T16:05:03+08:00 ] ERR: (ThinkException) 非法操作css
[ 2017-06-03T16:05:04+08:00 ] ERR: (ThinkException) 非法操作css
[ 2017-06-03T16:05:05+08:00 ] ERR: (ThinkException) 非法操作css
[ 2017-06-03T16:05:09+08:00 ] ERR: (ThinkException) 非法操作css
[ 2017-06-03T16:05:11+08:00 ] ERR: (ThinkException) 非法操作css
[ 2017-06-03T16:05:45+08:00 ] ERR: (ThinkException) 非法操作css
[ 2017-06-03T16:07:40+08:00 ] ERR: (ThinkException) 非法操作images
[ 2017-06-03T16:07:40+08:00 ] ERR: (ThinkException) 非法操作images
[ 2017-06-03T16:07:40+08:00 ] ERR: (ThinkException) 非法操作images
[ 2017-06-03T16:07:40+08:00 ] ERR: (ThinkException) 非法操作images
[ 2017-06-03T16:07:41+08:00 ] ERR: (ThinkException) 非法操作images
[ 2017-06-03T16:07:41+08:00 ] ERR: (ThinkException) 非法操作images
[ 2017-06-03T16:07:43+08:00 ] ERR: (ThinkException) 无法加载模块Css
[ 2017-06-03T16:09:37+08:00 ] ERR: (ThinkException) 非法操作images
[ 2017-06-03T16:09:37+08:00 ] ERR: (ThinkException) 非法操作images
[ 2017-06-03T16:09:41+08:00 ] ERR: (ThinkException) 非法操作css
[ 2017-06-03T16:09:44+08:00 ] ERR: (ThinkException) 无法加载模块Css
[ 2017-06-03T16:10:06+08:00 ] ERR: (ThinkException) 无法加载模块Css
[ 2017-06-03T16:12:39+08:00 ] ERR: (ThinkException) 非法操作images
[ 2017-06-03T16:12:39+08:00 ] ERR: (ThinkException) 非法操作images
[ 2017-06-03T16:12:39+08:00 ] ERR: (ThinkException) 非法操作images
[ 2017-06-03T16:12:40+08:00 ] ERR: (ThinkException) 无法加载模块Css
[ 2017-06-03T16:13:03+08:00 ] ERR: (ThinkException) 非法操作images
[ 2017-06-03T16:13:03+08:00 ] ERR: (ThinkException) 非法操作images
[ 2017-06-03T16:13:06+08:00 ] ERR: (ThinkException) 无法加载模块Css
[ 2017-06-03T16:13:26+08:00 ] ERR: (ThinkException) 非法操作images
[ 2017-06-03T16:13:26+08:00 ] ERR: (ThinkException) 非法操作images
[ 2017-06-03T16:13:29+08:00 ] ERR: (ThinkException) 无法加载模块Css
[ 2017-06-03T16:15:58+08:00 ] ERR: (ThinkException) 无法加载模块Css
[ 2017-06-03T16:21:32+08:00 ] ERR: (ThinkException) 非法操作images
[ 2017-06-03T16:21:32+08:00 ] ERR: (ThinkException) 非法操作images
[ 2017-06-03T16:21:34+08:00 ] ERR: (ThinkException) 无法加载模块Css
[ 2017-06-03T16:23:01+08:00 ] ERR: (ThinkException) 非法操作images
[ 2017-06-03T16:23:01+08:00 ] ERR: (ThinkException) 非法操作images
[ 2017-06-03T16:23:03+08:00 ] ERR: (ThinkException) 无法加载模块Css
[ 2017-06-03T16:24:18+08:00 ] ERR: (ThinkException) 非法操作images
[ 2017-06-03T16:24:19+08:00 ] ERR: (ThinkException) 非法操作images
[ 2017-06-03T16:24:21+08:00 ] ERR: (ThinkException) 无法加载模块Css
[ 2017-06-03T16:25:02+08:00 ] ERR: (ThinkException) 非法操作images
[ 2017-06-03T16:25:02+08:00 ] ERR: (ThinkException) 非法操作images
[ 2017-06-03T16:25:04+08:00 ] ERR: (ThinkException) 无法加载模块Css
[ 2017-06-03T16:25:08+08:00 ] ERR: (ThinkException) 非法操作images
[ 2017-06-03T16:25:08+08:00 ] ERR: (ThinkException) 非法操作images
[ 2017-06-03T16:25:08+08:00 ] ERR: (ThinkException) 非法操作images
[ 2017-06-03T16:25:10+08:00 ] ERR: (ThinkException) 无法加载模块Css
[ 2017-06-03T16:26:09+08:00 ] ERR: (ThinkException) 非法操作images
[ 2017-06-03T16:26:09+08:00 ] ERR: (ThinkException) 非法操作images
[ 2017-06-03T16:26:11+08:00 ] ERR: (ThinkException) 无法加载模块Css
[ 2017-06-03T16:26:57+08:00 ] ERR: (ThinkException) 非法操作images
[ 2017-06-03T16:26:57+08:00 ] ERR: (ThinkException) 非法操作images
[ 2017-06-03T16:26:58+08:00 ] ERR: (ThinkException) 非法操作images
[ 2017-06-03T16:26:59+08:00 ] ERR: (ThinkException) 无法加载模块Css
[ 2017-06-03T16:27:23+08:00 ] ERR: (ThinkException) 非法操作images
[ 2017-06-03T16:27:23+08:00 ] ERR: (ThinkException) 非法操作images
[ 2017-06-03T16:27:24+08:00 ] ERR: (ThinkException) 无法加载模块Css
[ 2017-06-03T16:27:57+08:00 ] ERR: (ThinkException) 非法操作images
[ 2017-06-03T16:27:57+08:00 ] ERR: (ThinkException) 非法操作images
[ 2017-06-03T16:27:59+08:00 ] ERR: (ThinkException) 无法加载模块Css
[ 2017-06-03T16:28:07+08:00 ] ERR: (ThinkException) 无法加载模块Css
[ 2017-06-03T16:28:12+08:00 ] ERR: (ThinkException) 非法操作bianjidingdan.php
[ 2017-06-03T16:33:47+08:00 ] ERR: (ThinkException) 非法操作images
[ 2017-06-03T16:33:47+08:00 ] ERR: (ThinkException) 非法操作images
[ 2017-06-03T16:33:48+08:00 ] ERR: (ThinkException) 非法操作images
[ 2017-06-03T16:33:51+08:00 ] ERR: (ThinkException) 无法加载模块Ordereditorderform
[ 2017-06-03T16:34:11+08:00 ] ERR: (ThinkException) 非法操作images
[ 2017-06-03T16:34:11+08:00 ] ERR: (ThinkException) 非法操作images
[ 2017-06-03T16:34:14+08:00 ] ERR: (ThinkException) 非法操作css
[ 2017-06-03T16:34:21+08:00 ] ERR: (ThinkException) 非法操作chakdingdan.php
[ 2017-06-03T16:34:28+08:00 ] ERR: (ThinkException) 非法操作fadan.php
[ 2017-06-03T16:34:33+08:00 ] ERR: (ThinkException) 非法操作css
[ 2017-06-03T16:46:28+08:00 ] ERR: (ThinkException) 非法操作images
[ 2017-06-03T16:46:28+08:00 ] ERR: (ThinkException) 非法操作images
[ 2017-06-03T16:46:29+08:00 ] ERR: (ThinkException) 非法操作images
[ 2017-06-03T16:46:31+08:00 ] ERR: (ThinkException) 非法操作css
[ 2017-06-03T16:54:03+08:00 ] ERR: (ThinkException) 非法操作images
[ 2017-06-03T16:54:03+08:00 ] ERR: (ThinkException) 非法操作images
[ 2017-06-03T16:54:05+08:00 ] ERR: (ThinkException) 无法加载模块Css
[ 2017-06-03T16:54:07+08:00 ] ERR: (ThinkException) 非法操作css
[ 2017-06-03T17:00:16+08:00 ] ERR: (ThinkException) 非法操作images
[ 2017-06-03T17:00:16+08:00 ] ERR: (ThinkException) 非法操作images
[ 2017-06-03T17:00:16+08:00 ] ERR: (ThinkException) 非法操作images
[ 2017-06-03T17:00:18+08:00 ] ERR: (ThinkException) 非法操作css
[ 2017-06-03T17:00:19+08:00 ] ERR: (ThinkException) 非法操作css
[ 2017-06-03T17:01:27+08:00 ] ERR: (ThinkException) 非法操作images
[ 2017-06-03T17:01:28+08:00 ] ERR: (ThinkException) 非法操作images
[ 2017-06-03T17:01:28+08:00 ] ERR: (ThinkException) 非法操作images
[ 2017-06-03T17:01:28+08:00 ] ERR: (ThinkException) 非法操作images
[ 2017-06-03T17:01:30+08:00 ] ERR: (ThinkException) 非法操作css
[ 2017-06-03T17:01:32+08:00 ] ERR: (ThinkException) 非法操作css
[ 2017-06-03T17:01:38+08:00 ] ERR: (ThinkException) 非法操作css
[ 2017-06-03T17:02:11+08:00 ] ERR: (ThinkException) 非法操作images
[ 2017-06-03T17:02:11+08:00 ] ERR: (ThinkException) 非法操作images
[ 2017-06-03T17:02:12+08:00 ] ERR: (ThinkException) 非法操作images
[ 2017-06-03T17:02:14+08:00 ] ERR: (ThinkException) 非法操作css
[ 2017-06-03T17:02:16+08:00 ] ERR: (ThinkException) 非法操作css
[ 2017-06-03T17:11:00+08:00 ] ERR: (ThinkException) 无法加载模块Css
[ 2017-06-03T17:11:01+08:00 ] ERR: (ThinkException) 非法操作css
[ 2017-06-03T17:21:54+08:00 ] ERR: (ThinkException) 非法操作images
[ 2017-06-03T17:21:54+08:00 ] ERR: (ThinkException) 非法操作images
[ 2017-06-03T17:21:54+08:00 ] ERR: (ThinkException) 非法操作images
[ 2017-06-03T17:21:54+08:00 ] ERR: (ThinkException) 非法操作images
[ 2017-06-03T17:21:56+08:00 ] ERR: (ThinkException) 非法操作css
[ 2017-06-03T17:21:58+08:00 ] ERR: (ThinkException) 非法操作css
[ 2017-06-03T17:23:54+08:00 ] ERR: (ThinkException) 非法操作images
[ 2017-06-03T17:23:54+08:00 ] ERR: (ThinkException) 非法操作images
[ 2017-06-03T17:23:54+08:00 ] ERR: (ThinkException) 非法操作images
[ 2017-06-03T17:23:56+08:00 ] ERR: (ThinkException) 非法操作css
[ 2017-06-03T17:23:59+08:00 ] ERR: (ThinkException) 非法操作css
[ 2017-06-03T17:25:08+08:00 ] ERR: (ThinkException) 非法操作images
[ 2017-06-03T17:25:09+08:00 ] ERR: (ThinkException) 非法操作images
[ 2017-06-03T17:25:11+08:00 ] ERR: (ThinkException) 非法操作css
[ 2017-06-03T17:25:12+08:00 ] ERR: (ThinkException) 非法操作css
[ 2017-06-03T17:25:37+08:00 ] ERR: (ThinkException) 非法操作images
[ 2017-06-03T17:25:37+08:00 ] ERR: (ThinkException) 非法操作images
[ 2017-06-03T17:25:39+08:00 ] ERR: (ThinkException) 非法操作css
[ 2017-06-03T17:25:41+08:00 ] ERR: (ThinkException) 非法操作css
[ 2017-06-03T17:26:29+08:00 ] ERR: (ThinkException) 非法操作images
[ 2017-06-03T17:26:29+08:00 ] ERR: (ThinkException) 非法操作images
[ 2017-06-03T17:26:29+08:00 ] ERR: (ThinkException) 非法操作images
[ 2017-06-03T17:26:31+08:00 ] ERR: (ThinkException) 非法操作css
[ 2017-06-03T17:26:33+08:00 ] ERR: (ThinkException) 非法操作css
[ 2017-06-03T17:33:51+08:00 ] ERR: (ThinkException) 非法操作images
[ 2017-06-03T17:33:51+08:00 ] ERR: (ThinkException) 非法操作images
[ 2017-06-03T17:33:54+08:00 ] ERR: (ThinkException) 非法操作css
[ 2017-06-03T17:33:55+08:00 ] ERR: (ThinkException) 非法操作css
[ 2017-06-03T17:35:07+08:00 ] ERR: (ThinkException) 非法操作images
[ 2017-06-03T17:35:07+08:00 ] ERR: (ThinkException) 非法操作images
[ 2017-06-03T17:35:09+08:00 ] ERR: (ThinkException) 非法操作css
[ 2017-06-03T17:35:10+08:00 ] ERR: (ThinkException) 非法操作css
[ 2017-06-03T17:40:30+08:00 ] ERR: (ThinkException) 非法操作images
[ 2017-06-03T17:40:30+08:00 ] ERR: (ThinkException) 非法操作images
[ 2017-06-03T17:40:30+08:00 ] ERR: (ThinkException) 非法操作images
[ 2017-06-03T17:40:32+08:00 ] ERR: (ThinkException) 非法操作css
[ 2017-06-03T17:40:33+08:00 ] ERR: (ThinkException) 非法操作css
[ 2017-06-03T17:42:55+08:00 ] ERR: (ThinkException) 非法操作images
[ 2017-06-03T17:42:55+08:00 ] ERR: (ThinkException) 非法操作images
[ 2017-06-03T17:42:57+08:00 ] ERR: (ThinkException) 非法操作css
[ 2017-06-03T17:42:58+08:00 ] ERR: (ThinkException) 非法操作css
[ 2017-06-03T17:43:10+08:00 ] ERR: (ThinkException) 非法操作css
[ 2017-06-03T17:43:24+08:00 ] ERR: (ThinkException) 非法操作css
[ 2017-06-03T17:49:08+08:00 ] ERR: (ThinkException) 非法操作css
[ 2017-06-03T17:57:35+08:00 ] ERR: (ThinkException) 非法操作images
[ 2017-06-03T17:57:35+08:00 ] ERR: (ThinkException) 非法操作images
[ 2017-06-03T17:57:35+08:00 ] ERR: (ThinkException) 非法操作images
[ 2017-06-03T17:57:37+08:00 ] ERR: (ThinkException) 非法操作css
[ 2017-06-03T17:57:41+08:00 ] ERR: (ThinkException) 无法加载模块Css
[ 2017-06-03T17:57:44+08:00 ] ERR: (ThinkException) 非法操作css
[ 2017-06-03T17:58:35+08:00 ] ERR: (ThinkException) 非法操作images
[ 2017-06-03T17:58:35+08:00 ] ERR: (ThinkException) 非法操作images
[ 2017-06-03T17:58:36+08:00 ] ERR: (ThinkException) 非法操作images
[ 2017-06-03T17:58:36+08:00 ] ERR: (ThinkException) 非法操作images
[ 2017-06-03T17:58:36+08:00 ] ERR: (ThinkException) 非法操作images
[ 2017-06-03T17:58:39+08:00 ] ERR: (ThinkException) 非法操作css
[ 2017-06-03T17:59:26+08:00 ] ERR: (ThinkException) 非法操作images
[ 2017-06-03T17:59:26+08:00 ] ERR: (ThinkException) 非法操作images
[ 2017-06-03T17:59:26+08:00 ] ERR: (ThinkException) 非法操作images
[ 2017-06-03T17:59:28+08:00 ] ERR: (ThinkException) 非法操作css
[ 2017-06-03T18:07:44+08:00 ] ERR: (ThinkException) 非法操作images
[ 2017-06-03T18:07:44+08:00 ] ERR: (ThinkException) 非法操作images
[ 2017-06-03T18:07:47+08:00 ] ERR: (ThinkException) 非法操作css
[ 2017-06-03T18:07:48+08:00 ] ERR: (ThinkException) 非法操作css
[ 2017-06-03T18:07:57+08:00 ] ERR: (ThinkException) 无法加载模块Css
[ 2017-06-03T18:07:58+08:00 ] ERR: (ThinkException) 非法操作css
[ 2017-06-03T18:08:00+08:00 ] ERR: (ThinkException) 非法操作css
[ 2017-06-03T18:08:23+08:00 ] ERR: (ThinkException) 非法操作images
[ 2017-06-03T18:08:23+08:00 ] ERR: (ThinkException) 非法操作images
[ 2017-06-03T18:08:23+08:00 ] ERR: (ThinkException) 非法操作images
[ 2017-06-03T18:08:25+08:00 ] ERR: (ThinkException) 非法操作css
[ 2017-06-03T18:08:28+08:00 ] ERR: (ThinkException) 无法加载模块Css
[ 2017-06-03T18:09:53+08:00 ] ERR: (ThinkException) 非法操作images
[ 2017-06-03T18:09:54+08:00 ] ERR: (ThinkException) 非法操作images
[ 2017-06-03T18:09:56+08:00 ] ERR: (ThinkException) 非法操作css
[ 2017-06-03T18:09:58+08:00 ] ERR: (ThinkException) 无法加载模块Css
[ 2017-06-03T18:13:45+08:00 ] ERR: (ThinkException) 非法操作images
[ 2017-06-03T18:13:45+08:00 ] ERR: (ThinkException) 非法操作images
[ 2017-06-03T18:13:46+08:00 ] ERR: (ThinkException) 非法操作images
[ 2017-06-03T18:13:47+08:00 ] ERR: (ThinkException) 非法操作css
[ 2017-06-03T18:13:49+08:00 ] ERR: (ThinkException) 无法加载模块Css
[ 2017-06-03T18:15:23+08:00 ] ERR: (ThinkException) 非法操作images
[ 2017-06-03T18:15:23+08:00 ] ERR: (ThinkException) 非法操作images
[ 2017-06-03T18:15:23+08:00 ] ERR: (ThinkException) 非法操作images
[ 2017-06-03T18:15:25+08:00 ] ERR: (ThinkException) 无法加载模块Css
[ 2017-06-03T18:15:26+08:00 ] ERR: (ThinkException) 非法操作css
[ 2017-06-03T18:15:28+08:00 ] ERR: (ThinkException) 无法加载模块Css
[ 2017-06-03T18:23:25+08:00 ] ERR: (ThinkException) 非法操作images
[ 2017-06-03T18:23:26+08:00 ] ERR: (ThinkException) 非法操作images
[ 2017-06-03T18:23:26+08:00 ] ERR: (ThinkException) 非法操作images
[ 2017-06-03T18:23:27+08:00 ] ERR: (ThinkException) 非法操作css
[ 2017-06-03T18:23:29+08:00 ] ERR: (ThinkException) 无法加载模块Css
[ 2017-06-03T18:24:20+08:00 ] ERR: (ThinkException) 非法操作images
[ 2017-06-03T18:24:21+08:00 ] ERR: (ThinkException) 非法操作images
[ 2017-06-03T18:24:23+08:00 ] ERR: (ThinkException) 非法操作css
[ 2017-06-03T18:24:24+08:00 ] ERR: (ThinkException) 无法加载模块Css
[ 2017-06-03T18:24:50+08:00 ] ERR: (ThinkException) 非法操作images
[ 2017-06-03T18:24:50+08:00 ] ERR: (ThinkException) 非法操作images
[ 2017-06-03T18:24:52+08:00 ] ERR: (ThinkException) 无法加载模块Css
[ 2017-06-03T18:24:53+08:00 ] ERR: (ThinkException) 非法操作css
[ 2017-06-03T18:24:54+08:00 ] ERR: (ThinkException) 无法加载模块Css
[ 2017-06-03T18:26:31+08:00 ] ERR: (ThinkException) 非法操作images
[ 2017-06-03T18:26:31+08:00 ] ERR: (ThinkException) 非法操作images
[ 2017-06-03T18:26:31+08:00 ] ERR: (ThinkException) 非法操作images
[ 2017-06-03T18:26:33+08:00 ] ERR: (ThinkException) 非法操作css
[ 2017-06-03T18:26:35+08:00 ] ERR: (ThinkException) 无法加载模块Css
[ 2017-06-03T18:27:31+08:00 ] ERR: (ThinkException) 非法操作images
[ 2017-06-03T18:27:32+08:00 ] ERR: (ThinkException) 非法操作images
[ 2017-06-03T18:27:33+08:00 ] ERR: (ThinkException) 非法操作css
[ 2017-06-03T18:27:35+08:00 ] ERR: (ThinkException) 无法加载模块Css
[ 2017-06-03T18:28:38+08:00 ] ERR: (ThinkException) 非法操作images
[ 2017-06-03T18:28:38+08:00 ] ERR: (ThinkException) 非法操作images
[ 2017-06-03T18:28:39+08:00 ] ERR: (ThinkException) 非法操作images
[ 2017-06-03T18:28:42+08:00 ] ERR: (ThinkException) 非法操作css
[ 2017-06-03T18:28:43+08:00 ] ERR: (ThinkException) 无法加载模块Css
[ 2017-06-03T18:29:11+08:00 ] ERR: (ThinkException) 非法操作images
[ 2017-06-03T18:29:11+08:00 ] ERR: (ThinkException) 非法操作images
[ 2017-06-03T18:29:15+08:00 ] ERR: (ThinkException) 非法操作css
[ 2017-06-03T18:29:17+08:00 ] ERR: (ThinkException) 无法加载模块Css
[ 2017-06-03T18:29:50+08:00 ] ERR: (ThinkException) 非法操作images
[ 2017-06-03T18:29:51+08:00 ] ERR: (ThinkException) 非法操作images
[ 2017-06-03T18:29:51+08:00 ] ERR: (ThinkException) 非法操作images
[ 2017-06-03T18:29:53+08:00 ] ERR: (ThinkException) 非法操作css
[ 2017-06-03T18:29:55+08:00 ] ERR: (ThinkException) 无法加载模块Css
[ 2017-06-03T18:57:13+08:00 ] ERR: (ThinkException) 非法操作images
[ 2017-06-03T18:57:13+08:00 ] ERR: (ThinkException) 非法操作images
[ 2017-06-03T18:57:13+08:00 ] ERR: (ThinkException) 非法操作images
[ 2017-06-03T18:57:13+08:00 ] ERR: (ThinkException) 非法操作images
[ 2017-06-03T18:57:13+08:00 ] ERR: (ThinkException) 非法操作images
[ 2017-06-03T18:57:15+08:00 ] ERR: (ThinkException) 非法操作css
[ 2017-06-03T18:57:16+08:00 ] ERR: (ThinkException) 无法加载模块Css
[ 2017-06-03T18:58:39+08:00 ] ERR: (ThinkException) 非法操作images
[ 2017-06-03T18:58:39+08:00 ] ERR: (ThinkException) 非法操作images
[ 2017-06-03T18:58:43+08:00 ] ERR: (ThinkException) 非法操作css
[ 2017-06-03T18:58:44+08:00 ] ERR: (ThinkException) 无法加载模块Css
[ 2017-06-03T18:58:48+08:00 ] ERR: (ThinkException) 非法操作css
[ 2017-06-03T18:58:51+08:00 ] ERR: (ThinkException) 无法加载模块Css
[ 2017-06-03T18:58:54+08:00 ] ERR: (ThinkException) 非法操作css
[ 2017-06-03T18:58:57+08:00 ] ERR: (ThinkException) 无法加载模块Css
[ 2017-06-03T18:58:59+08:00 ] ERR: (ThinkException) 非法操作css
[ 2017-06-03T18:59:01+08:00 ] ERR: (ThinkException) 非法操作images
[ 2017-06-03T18:59:01+08:00 ] ERR: (ThinkException) 非法操作images
[ 2017-06-03T18:59:03+08:00 ] ERR: (ThinkException) 非法操作css
[ 2017-06-03T19:01:04+08:00 ] ERR: (ThinkException) 非法操作images
[ 2017-06-03T19:01:04+08:00 ] ERR: (ThinkException) 非法操作images
[ 2017-06-03T19:01:04+08:00 ] ERR: (ThinkException) 非法操作images
[ 2017-06-03T19:01:07+08:00 ] ERR: (ThinkException) 非法操作css
[ 2017-06-03T19:01:08+08:00 ] ERR: (ThinkException) 无法加载模块Css
[ 2017-06-03T19:01:16+08:00 ] ERR: (ThinkException) 非法操作css
[ 2017-06-03T19:01:21+08:00 ] ERR: (ThinkException) 无法加载模块Css
[ 2017-06-03T19:01:25+08:00 ] ERR: (ThinkException) 无法加载模块Css
[ 2017-06-03T19:01:26+08:00 ] ERR: (ThinkException) 非法操作css
[ 2017-06-03T19:01:29+08:00 ] ERR: (ThinkException) 无法加载模块Css
[ 2017-06-03T19:01:34+08:00 ] ERR: (ThinkException) 非法操作css
[ 2017-06-03T19:06:45+08:00 ] ERR: (ThinkException) 非法操作images
[ 2017-06-03T19:06:45+08:00 ] ERR: (ThinkException) 非法操作images
[ 2017-06-03T19:06:45+08:00 ] ERR: (ThinkException) 非法操作images
[ 2017-06-03T19:06:47+08:00 ] ERR: (ThinkException) 非法操作css
[ 2017-06-03T19:06:49+08:00 ] ERR: (ThinkException) 无法加载模块Css
[ 2017-06-03T19:06:54+08:00 ] ERR: (ThinkException) 非法操作css
[ 2017-06-03T19:06:56+08:00 ] ERR: (ThinkException) 无法加载模块Css
[ 2017-06-03T19:06:56+08:00 ] ERR: (ThinkException) 非法操作css
[ 2017-06-03T19:06:58+08:00 ] ERR: (ThinkException) 非法操作css
[ 2017-06-03T19:09:34+08:00 ] ERR: (ThinkException) 非法操作images
[ 2017-06-03T19:09:34+08:00 ] ERR: (ThinkException) 非法操作images
[ 2017-06-03T19:09:35+08:00 ] ERR: (ThinkException) 非法操作images
[ 2017-06-03T19:09:37+08:00 ] ERR: (ThinkException) 非法操作css
[ 2017-06-03T19:09:39+08:00 ] ERR: (ThinkException) 无法加载模块Css
[ 2017-06-03T19:09:46+08:00 ] ERR: (ThinkException) 非法操作css
[ 2017-06-03T19:09:49+08:00 ] ERR: (ThinkException) 无法加载模块Css
[ 2017-06-03T19:09:55+08:00 ] ERR: (ThinkException) 非法操作css
[ 2017-06-03T19:10:00+08:00 ] ERR: (ThinkException) 无法加载模块Css
[ 2017-06-03T19:10:06+08:00 ] ERR: (ThinkException) 非法操作css
[ 2017-06-03T19:10:08+08:00 ] ERR: (ThinkException) 无法加载模块Css
[ 2017-06-03T19:10:13+08:00 ] ERR: (ThinkException) 非法操作css
[ 2017-06-03T19:18:25+08:00 ] ERR: (ThinkException) 非法操作images
[ 2017-06-03T19:18:25+08:00 ] ERR: (ThinkException) 非法操作images
[ 2017-06-03T19:18:27+08:00 ] ERR: (ThinkException) 非法操作css
[ 2017-06-03T19:18:32+08:00 ] ERR: (ThinkException) 无法加载模块Css
[ 2017-06-03T19:18:33+08:00 ] ERR: (ThinkException) 非法操作css
[ 2017-06-03T19:24:03+08:00 ] ERR: (ThinkException) 非法操作images
[ 2017-06-03T19:24:03+08:00 ] ERR: (ThinkException) 非法操作images
[ 2017-06-03T19:24:04+08:00 ] ERR: (ThinkException) 非法操作images
[ 2017-06-03T19:24:15+08:00 ] ERR: (ThinkException) 非法操作images
[ 2017-06-03T19:24:54+08:00 ] ERR: (ThinkException) 非法操作css
[ 2017-06-03T19:29:11+08:00 ] ERR: (ThinkException) 非法操作css
[ 2017-06-03T19:29:15+08:00 ] ERR: (ThinkException) 非法操作css
[ 2017-06-03T19:29:17+08:00 ] ERR: (ThinkException) 非法操作css
[ 2017-06-03T19:29:18+08:00 ] ERR: (ThinkException) 无法加载模块Css
[ 2017-06-03T19:29:19+08:00 ] ERR: (ThinkException) 非法操作css
[ 2017-06-03T19:29:22+08:00 ] ERR: (ThinkException) 非法操作css
[ 2017-06-03T19:29:22+08:00 ] ERR: (ThinkException) 无法加载模块Css
[ 2017-06-03T19:29:23+08:00 ] ERR: (ThinkException) 非法操作css
[ 2017-06-03T19:29:26+08:00 ] ERR: (ThinkException) 非法操作css
